<?xml version="1.0" encoding="UTF-8"?>
<!-- Generated by org.testng.reporters.JUnitReportReporter -->
<testsuite hostname="DESKTOP-JPUHBTB" name="com.rmg.test.CreateProject" tests="1" failures="0" timestamp="17 Feb 2021 12:56:24 GMT" time="4.771" errors="0">
  <testcase name="createProject" time="4.771" classname="com.rmg.test.CreateProject"/>
</testsuite> <!-- com.rmg.test.CreateProject -->
