<?xml version="1.0" encoding="UTF-8"?>
<!-- Generated by org.testng.reporters.JUnitReportReporter -->
<testsuite hostname="DESKTOP-JPUHBTB" name="com.rmg.test.GetAllProjects" tests="1" failures="0" timestamp="17 Feb 2021 10:51:50 GMT" time="2.917" errors="0">
  <testcase name="getProject" time="2.917" classname="com.rmg.test.GetAllProjects"/>
</testsuite> <!-- com.rmg.test.GetAllProjects -->
